[2026-05-16 12:35:46,024] DESKTOP-4ABPE84/INFO/locust.main: Starting Locust 2.44.0
[2026-05-16 12:35:46,026] DESKTOP-4ABPE84/INFO/leia-perf: Sessions loaded: 37 total — short=14  medium=16  long=3  adversarial=4
[2026-05-16 12:35:46,026] DESKTOP-4ABPE84/INFO/leia-perf: Target: http://localhost:9000
[2026-05-16 12:35:46,026] DESKTOP-4ABPE84/INFO/leia-perf: Provider: alma
[2026-05-16 12:35:46,026] DESKTOP-4ABPE84/INFO/leia-perf: Think cap: 120s | Burst gap cap: 5000ms | Timeout: 60s | Retries: 2
[2026-05-16 12:35:46,047] DESKTOP-4ABPE84/INFO/leia-perf: Preflight passed (GET /api/v1/models -> 200)
[2026-05-16 12:35:46,047] DESKTOP-4ABPE84/INFO/locust.main: Run time limit set to 6600 seconds
[2026-05-16 12:35:46,063] DESKTOP-4ABPE84/INFO/locust.runners: Ramping to 37 users at a rate of 1.00 per second
[2026-05-16 12:36:22,387] DESKTOP-4ABPE84/INFO/locust.runners: All users spawned: {"RealisticMixedUser": 37} (37 total users)
[2026-05-16 14:25:46,058] DESKTOP-4ABPE84/INFO/locust.main: --run-time limit reached, shutting down
[2026-05-16 14:25:46,162] DESKTOP-4ABPE84/INFO/leia-perf.metrics: 
=== AI Latency Summary (ms) ===
[2026-05-16 14:25:46,162] DESKTOP-4ABPE84/INFO/leia-perf.metrics:   scenario                      n  P 50  P 90  P 99
[2026-05-16 14:25:46,162] DESKTOP-4ABPE84/INFO/leia-perf.metrics:   mixed/adversarial           245    25238    39383    49953
[2026-05-16 14:25:46,162] DESKTOP-4ABPE84/INFO/leia-perf.metrics:   mixed/long                  627    29869    40833    52162
[2026-05-16 14:25:46,162] DESKTOP-4ABPE84/INFO/leia-perf.metrics:   mixed/medium               1324    24088    37019    52123
[2026-05-16 14:25:46,162] DESKTOP-4ABPE84/INFO/leia-perf.metrics:   mixed/short                 782    20240    35712    43775
[2026-05-16 14:25:46,162] DESKTOP-4ABPE84/INFO/leia-perf.metrics: 
[2026-05-16 14:25:46,167] DESKTOP-4ABPE84/INFO/leia-perf.metrics: AI latency summary exported to reports\ai_latency_summary.json
[2026-05-16 14:25:46,210] DESKTOP-4ABPE84/INFO/locust.main: writing html report to file: reports/locust_report.html
[2026-05-16 14:25:46,215] DESKTOP-4ABPE84/INFO/locust.main: Shutting down (exit code 1)
